Unable to listen on port 8081: Listeners failed to create with the following errors: [unable to create listener: Error listen tcp4 0.0.0.0:8081: bind: address already in use]
error: unable to listen on any of the requested ports: [{8081 8080}]
Forwarding from 0.0.0.0:8082 -> 8080
Handling connection for 8082
Handling connection for 8082
Handling connection for 8082
Handling connection for 8082
Handling connection for 8082
Handling connection for 8082
Handling connection for 8082
Handling connection for 8082
Handling connection for 8082
Handling connection for 8082
Handling connection for 8082
Handling connection for 8082
Handling connection for 8082
Handling connection for 8082
Handling connection for 8082
Handling connection for 8082
Handling connection for 8082
Handling connection for 8082
Handling connection for 8082
Handling connection for 8082
Handling connection for 8082
Handling connection for 8082
Handling connection for 8082
Handling connection for 8082
Handling connection for 8082
Handling connection for 8082
Handling connection for 8082
Handling connection for 8082
Handling connection for 8082
Handling connection for 8082
Handling connection for 8082
Handling connection for 8082
Handling connection for 8082
Handling connection for 8082
Handling connection for 8082
Handling connection for 8082
Handling connection for 8082
Handling connection for 8082
Handling connection for 8082
Handling connection for 8082
Handling connection for 8082
Handling connection for 8082
Handling connection for 8082
Handling connection for 8082
Handling connection for 8082
Handling connection for 8082
Handling connection for 8082
Handling connection for 8082
Handling connection for 8082
Handling connection for 8082
Handling connection for 8082
Handling connection for 8082
Handling connection for 8082
Handling connection for 8082
Handling connection for 8082
Handling connection for 8082
Handling connection for 8082
Handling connection for 8082
Handling connection for 8082
Handling connection for 8082
Handling connection for 8082
Handling connection for 8082
Handling connection for 8082
Handling connection for 8082
Handling connection for 8082
E0403 23:21:30.763559   12269 portforward.go:385] "Unhandled Error" err="error copying from remote stream to local connection: readfrom tcp4 192.168.20.129:8082->192.168.20.1:51916: write tcp4 192.168.20.129:8082->192.168.20.1:51916: write: broken pipe"
E0403 23:21:30.800063   12269 portforward.go:385] "Unhandled Error" err="error copying from remote stream to local connection: readfrom tcp4 192.168.20.129:8082->192.168.20.1:51919: write tcp4 192.168.20.129:8082->192.168.20.1:51919: write: broken pipe"
E0403 23:21:30.814085   12269 portforward.go:385] "Unhandled Error" err="error copying from remote stream to local connection: readfrom tcp4 192.168.20.129:8082->192.168.20.1:51918: write tcp4 192.168.20.129:8082->192.168.20.1:51918: write: broken pipe"
Handling connection for 8082
Handling connection for 8082
Handling connection for 8082
Handling connection for 8082
Handling connection for 8082
E0403 23:22:00.761279   12269 portforward.go:374] "Unhandled Error" err="error creating forwarding stream for port 8082 -> 8080: Timeout occurred"
E0403 23:22:00.764887   12269 portforward.go:374] "Unhandled Error" err="error creating forwarding stream for port 8082 -> 8080: Timeout occurred"
E0403 23:22:01.021306   12269 portforward.go:374] "Unhandled Error" err="error creating forwarding stream for port 8082 -> 8080: Timeout occurred"
Handling connection for 8082
E0403 23:22:01.364401   12269 portforward.go:351] "Unhandled Error" err="error creating error stream for port 8082 -> 8080: Timeout occurred"
Handling connection for 8082
E0403 23:22:01.891098   12269 portforward.go:374] "Unhandled Error" err="error creating forwarding stream for port 8082 -> 8080: Timeout occurred"
Handling connection for 8082
Handling connection for 8082
Handling connection for 8082
Handling connection for 8082
E0403 23:22:30.963276   12269 portforward.go:351] "Unhandled Error" err="error creating error stream for port 8082 -> 8080: Timeout occurred"
E0403 23:22:31.842740   12269 portforward.go:374] "Unhandled Error" err="error creating forwarding stream for port 8082 -> 8080: Timeout occurred"
Handling connection for 8082
E0403 23:22:47.394247   12269 portforward.go:351] "Unhandled Error" err="error creating error stream for port 8082 -> 8080: Timeout occurred"
Handling connection for 8082
Handling connection for 8082
Handling connection for 8082
E0403 23:22:53.967726   12269 portforward.go:374] "Unhandled Error" err="error creating forwarding stream for port 8082 -> 8080: Timeout occurred"
E0403 23:23:02.242923   12269 portforward.go:351] "Unhandled Error" err="error creating error stream for port 8082 -> 8080: Timeout occurred"
Handling connection for 8082
Handling connection for 8082
E0403 23:23:17.605225   12269 portforward.go:374] "Unhandled Error" err="error creating forwarding stream for port 8082 -> 8080: Timeout occurred"
Forwarding from 0.0.0.0:8081 -> 8080
Handling connection for 8081
Handling connection for 8081
Handling connection for 8081
Handling connection for 8081
Handling connection for 8081
Handling connection for 8081
Handling connection for 8081
Handling connection for 8081
Handling connection for 8081
Handling connection for 8081
Handling connection for 8081
Handling connection for 8081
Handling connection for 8081
Handling connection for 8081
Handling connection for 8081
Handling connection for 8081
Handling connection for 8081
Handling connection for 8081
Handling connection for 8081
Handling connection for 8081
Handling connection for 8081
Handling connection for 8081
Handling connection for 8081
Handling connection for 8081
Handling connection for 8081
Handling connection for 8081
Handling connection for 8081
Handling connection for 8081
Handling connection for 8081
Handling connection for 8081
Handling connection for 8081
Handling connection for 8081
Handling connection for 8081
Handling connection for 8081
Handling connection for 8081
Handling connection for 8081
Handling connection for 8081
Handling connection for 8081
Handling connection for 8081
Handling connection for 8081
Handling connection for 8081
Handling connection for 8081
Handling connection for 8081
Handling connection for 8081
Handling connection for 8081
Handling connection for 8081
Handling connection for 8081
Handling connection for 8081
Handling connection for 8081
Handling connection for 8081
Handling connection for 8081
Handling connection for 8081
Handling connection for 8081
Handling connection for 8081
Handling connection for 8081
Handling connection for 8081
Handling connection for 8081
Handling connection for 8081
Handling connection for 8081
Handling connection for 8081
Handling connection for 8081
Handling connection for 8081
Handling connection for 8081
Handling connection for 8081
Handling connection for 8081
Handling connection for 8081
Handling connection for 8081
Handling connection for 8081
Handling connection for 8081
Handling connection for 8081
Handling connection for 8081
Handling connection for 8081
Handling connection for 8081
Handling connection for 8081
Handling connection for 8081
Handling connection for 8081
Handling connection for 8081
Handling connection for 8081
Handling connection for 8081
Handling connection for 8081
Handling connection for 8081
Handling connection for 8081
Handling connection for 8081
Handling connection for 8081
Handling connection for 8081
Handling connection for 8081
Handling connection for 8081
Handling connection for 8081
Handling connection for 8081
Handling connection for 8081
Handling connection for 8081
Handling connection for 8081
Handling connection for 8081
Handling connection for 8081
Handling connection for 8081
Handling connection for 8081
Handling connection for 8081
Handling connection for 8081
Handling connection for 8081
Handling connection for 8081
Handling connection for 8081
Handling connection for 8081
Handling connection for 8081
Handling connection for 8081
Handling connection for 8081
Handling connection for 8081
Handling connection for 8081
Handling connection for 8081
Handling connection for 8081
Handling connection for 8081
Handling connection for 8081
Handling connection for 8081
Handling connection for 8081
Handling connection for 8081
Handling connection for 8081
Handling connection for 8081
Handling connection for 8081
Handling connection for 8081
Handling connection for 8081
Handling connection for 8081
Handling connection for 8081
Handling connection for 8081
Handling connection for 8081
Handling connection for 8081
Handling connection for 8081
Handling connection for 8081
Handling connection for 8081
Handling connection for 8081
Handling connection for 8081
Handling connection for 8081
Handling connection for 8081
Handling connection for 8081
Handling connection for 8081
Handling connection for 8081
Handling connection for 8081
Handling connection for 8081
Handling connection for 8081
Handling connection for 8081
Handling connection for 8081
Handling connection for 8081
Handling connection for 8081
Handling connection for 8081
Handling connection for 8081
Handling connection for 8081
Handling connection for 8081
Handling connection for 8081
Handling connection for 8081
Handling connection for 8081
Handling connection for 8081
Handling connection for 8081
Handling connection for 8081
Handling connection for 8081
Handling connection for 8081
Handling connection for 8081
Handling connection for 8081
Handling connection for 8081
Handling connection for 8081
Handling connection for 8081
Handling connection for 8081
Handling connection for 8081
Handling connection for 8081
Handling connection for 8081
Handling connection for 8081
Handling connection for 8081
Handling connection for 8081
Handling connection for 8081
Handling connection for 8081
Handling connection for 8081
Handling connection for 8081
Handling connection for 8081
Handling connection for 8081
Handling connection for 8081
Handling connection for 8081
Handling connection for 8081
Handling connection for 8081
Handling connection for 8081
Handling connection for 8081
Handling connection for 8081
Handling connection for 8081
Handling connection for 8081
Handling connection for 8081
Handling connection for 8081
Handling connection for 8081
Handling connection for 8081
Handling connection for 8081
Handling connection for 8081
Handling connection for 8081
Handling connection for 8081
Handling connection for 8081
Handling connection for 8081
Handling connection for 8081
Handling connection for 8081
Handling connection for 8081
Handling connection for 8081
Handling connection for 8081
Handling connection for 8081
Handling connection for 8081
Handling connection for 8081
Handling connection for 8081
Handling connection for 8081
Handling connection for 8081
Handling connection for 8081
Handling connection for 8081
Handling connection for 8081
Handling connection for 8081
